<?xml version="1.0" encoding="UTF-8" standalone="yes"?>
<ns2:test-suite start="1501798541043" stop="1501798541114" version="1.4.15" xmlns:ns2="urn:model.allure.qatools.yandex.ru">
    <name>Verify invalid login for hotel app</name>
    <title>Verify invalid login for hotel app</title>
    <test-cases>
        <test-case start="1501798541058" stop="1501798541072" status="pending">
            <name>Given I click on ok button on splash screen</name>
            <title>Given I click on ok button on splash screen</title>
            <failure>
                <message>Test ignored (without reason)!</message>
                <stack-trace>There are no stack trace</stack-trace>
            </failure>
            <steps/>
            <attachments/>
            <labels>
                <label name="host" value="Bashirs-MacBook-Pro.local"/>
                <label name="thread" value="3084@Bashirs-MacBook-Pro.local.main(1)"/>
            </labels>
        </test-case>
        <test-case start="1501798541077" stop="1501798541077" status="pending">
            <name>And I click on menu button on splash screen</name>
            <title>And I click on menu button on splash screen</title>
            <failure>
                <message>Test ignored (without reason)!</message>
                <stack-trace>There are no stack trace</stack-trace>
            </failure>
            <steps/>
            <attachments/>
            <labels>
                <label name="host" value="Bashirs-MacBook-Pro.local"/>
                <label name="thread" value="3084@Bashirs-MacBook-Pro.local.main(1)"/>
            </labels>
        </test-case>
        <test-case start="1501798541083" stop="1501798541083" status="pending">
            <name>Given I click on sign in button on splash screen</name>
            <title>Given I click on sign in button on splash screen</title>
            <failure>
                <message>Test ignored (without reason)!</message>
                <stack-trace>There are no stack trace</stack-trace>
            </failure>
            <steps/>
            <attachments/>
            <labels>
                <label name="host" value="Bashirs-MacBook-Pro.local"/>
                <label name="thread" value="3084@Bashirs-MacBook-Pro.local.main(1)"/>
            </labels>
        </test-case>
        <test-case start="1501798541086" stop="1501798541086" status="pending">
            <name>When I enter mohammad@technosoftsolutions.io into username text field on sign in screen</name>
            <title>When I enter mohammad@technosoftsolutions.io into username text field on sign in screen</title>
            <failure>
                <message>Test ignored (without reason)!</message>
                <stack-trace>There are no stack trace</stack-trace>
            </failure>
            <steps/>
            <attachments/>
            <labels>
                <label name="host" value="Bashirs-MacBook-Pro.local"/>
                <label name="thread" value="3084@Bashirs-MacBook-Pro.local.main(1)"/>
            </labels>
        </test-case>
        <test-case start="1501798541089" stop="1501798541089" status="pending">
            <name>And I enter test1234 into password text field on sign in screen</name>
            <title>And I enter test1234 into password text field on sign in screen</title>
            <failure>
                <message>Test ignored (without reason)!</message>
                <stack-trace>There are no stack trace</stack-trace>
            </failure>
            <steps/>
            <attachments/>
            <labels>
                <label name="host" value="Bashirs-MacBook-Pro.local"/>
                <label name="thread" value="3084@Bashirs-MacBook-Pro.local.main(1)"/>
            </labels>
        </test-case>
        <test-case start="1501798541091" stop="1501798541091" status="pending">
            <name>And I click on sign in button on sign in screen</name>
            <title>And I click on sign in button on sign in screen</title>
            <failure>
                <message>Test ignored (without reason)!</message>
                <stack-trace>There are no stack trace</stack-trace>
            </failure>
            <steps/>
            <attachments/>
            <labels>
                <label name="host" value="Bashirs-MacBook-Pro.local"/>
                <label name="thread" value="3084@Bashirs-MacBook-Pro.local.main(1)"/>
            </labels>
        </test-case>
        <test-case start="1501798541093" stop="1501798541093" status="pending">
            <name>Then I verify invalid sign in error message</name>
            <title>Then I verify invalid sign in error message</title>
            <failure>
                <message>Test ignored (without reason)!</message>
                <stack-trace>There are no stack trace</stack-trace>
            </failure>
            <steps/>
            <attachments/>
            <labels>
                <label name="host" value="Bashirs-MacBook-Pro.local"/>
                <label name="thread" value="3084@Bashirs-MacBook-Pro.local.main(1)"/>
            </labels>
        </test-case>
    </test-cases>
    <labels>
        <label name="story" value="Verify invalid login for hotel app"/>
        <label name="feature" value="Verify hotel conditions"/>
        <label name="framework" value="CucumberJVM"/>
        <label name="language" value="JAVA"/>
    </labels>
</ns2:test-suite>
