<?xml version="1.0" encoding="UTF-8" standalone="yes"?>
<ns2:test-suite start="1501876183482" stop="1501876186873" version="1.4.15" xmlns:ns2="urn:model.allure.qatools.yandex.ru">
    <name>Verify invalid login for hotel app</name>
    <title>Verify invalid login for hotel app</title>
    <test-cases>
        <test-case start="1501876183495" stop="1501876183497" status="pending">
            <name>Given I click on ok button on splash screen</name>
            <title>Given I click on ok button on splash screen</title>
            <failure>
                <message>Test ignored (without reason)!</message>
                <stack-trace>There are no stack trace</stack-trace>
            </failure>
            <steps/>
            <attachments/>
            <labels>
                <label name="host" value="Bashirs-MacBook-Pro.local"/>
                <label name="thread" value="4605@Bashirs-MacBook-Pro.local.main(1)"/>
            </labels>
        </test-case>
        <test-case start="1501876183501" stop="1501876183501" status="pending">
            <name>And I click on menu button on splash screen</name>
            <title>And I click on menu button on splash screen</title>
            <failure>
                <message>Test ignored (without reason)!</message>
                <stack-trace>There are no stack trace</stack-trace>
            </failure>
            <steps/>
            <attachments/>
            <labels>
                <label name="host" value="Bashirs-MacBook-Pro.local"/>
                <label name="thread" value="4605@Bashirs-MacBook-Pro.local.main(1)"/>
            </labels>
        </test-case>
        <test-case start="1501876183548" stop="1501876183549" status="pending">
            <name>Given I click on sign in button on splash screen</name>
            <title>Given I click on sign in button on splash screen</title>
            <failure>
                <message>Test ignored (without reason)!</message>
                <stack-trace>There are no stack trace</stack-trace>
            </failure>
            <steps/>
            <attachments/>
            <labels>
                <label name="host" value="Bashirs-MacBook-Pro.local"/>
                <label name="thread" value="4605@Bashirs-MacBook-Pro.local.main(1)"/>
            </labels>
        </test-case>
        <test-case start="1501876183556" stop="1501876183556" status="pending">
            <name>When I enter mohammad@technosoftsolutions.io into username text field on sign in screen</name>
            <title>When I enter mohammad@technosoftsolutions.io into username text field on sign in screen</title>
            <failure>
                <message>Test ignored (without reason)!</message>
                <stack-trace>There are no stack trace</stack-trace>
            </failure>
            <steps/>
            <attachments/>
            <labels>
                <label name="host" value="Bashirs-MacBook-Pro.local"/>
                <label name="thread" value="4605@Bashirs-MacBook-Pro.local.main(1)"/>
            </labels>
        </test-case>
        <test-case start="1501876183560" stop="1501876183560" status="pending">
            <name>And I enter test1234 into password text field on sign in screen</name>
            <title>And I enter test1234 into password text field on sign in screen</title>
            <failure>
                <message>Test ignored (without reason)!</message>
                <stack-trace>There are no stack trace</stack-trace>
            </failure>
            <steps/>
            <attachments/>
            <labels>
                <label name="host" value="Bashirs-MacBook-Pro.local"/>
                <label name="thread" value="4605@Bashirs-MacBook-Pro.local.main(1)"/>
            </labels>
        </test-case>
        <test-case start="1501876183565" stop="1501876183565" status="pending">
            <name>And I click on sign in button on sign in screen</name>
            <title>And I click on sign in button on sign in screen</title>
            <failure>
                <message>Test ignored (without reason)!</message>
                <stack-trace>There are no stack trace</stack-trace>
            </failure>
            <steps/>
            <attachments/>
            <labels>
                <label name="host" value="Bashirs-MacBook-Pro.local"/>
                <label name="thread" value="4605@Bashirs-MacBook-Pro.local.main(1)"/>
            </labels>
        </test-case>
        <test-case start="1501876183570" stop="1501876183570" status="pending">
            <name>Then I verify invalid sign in error message</name>
            <title>Then I verify invalid sign in error message</title>
            <failure>
                <message>Test ignored (without reason)!</message>
                <stack-trace>There are no stack trace</stack-trace>
            </failure>
            <steps/>
            <attachments/>
            <labels>
                <label name="host" value="Bashirs-MacBook-Pro.local"/>
                <label name="thread" value="4605@Bashirs-MacBook-Pro.local.main(1)"/>
            </labels>
        </test-case>
    </test-cases>
    <labels>
        <label name="story" value="Verify invalid login for hotel app"/>
        <label name="feature" value="Verify hotel conditions"/>
        <label name="framework" value="CucumberJVM"/>
        <label name="language" value="JAVA"/>
    </labels>
</ns2:test-suite>
