<?xml version="1.0" encoding="UTF-8"?>
<testsuite name="Scenario: Verify invalid login for hotel app" time="5.73" tests="8" errors="0" skipped="0" failures="0">
  <properties>
[...]
</properties>
  <testcase name="Given I click on ok button on splash screen" classname="Scenario: Verify invalid login for hotel app" time="0.21"/>
  <testcase name="And I click on menu button on splash screen" classname="Scenario: Verify invalid login for hotel app" time="0.001"/>
  <testcase name="Given I click on sign in button on splash screen" classname="Scenario: Verify invalid login for hotel app" time="0"/>
  <testcase name="When I enter mohammad@technosoftsolutions.io into username text field on sign in screen" classname="Scenario: Verify invalid login for hotel app" time="0.005"/>
  <testcase name="And I enter test1234 into password text field on sign in screen" classname="Scenario: Verify invalid login for hotel app" time="0"/>
  <testcase name="And I click on sign in button on sign in screen" classname="Scenario: Verify invalid login for hotel app" time="0"/>
  <testcase name="Then I verify invalid sign in error message" classname="Scenario: Verify invalid login for hotel app" time="0"/>
  <testcase name="Scenario: Verify invalid login for hotel app" classname="Scenario: Verify invalid login for hotel app" time="5.514"/>
</testsuite>